PRT1
0
20
4 0 0 (-64 -256 272) (-64 -64 272) (-64 -64 16) (-64 -256 16) 
4 0 0 (64 -64 16) (64 -256 16) (64 -256 272) (64 -64 272) 
4 0 0 (224 256 16) (224 -256 16) (224 -256 272) (224 256 272) 
4 0 0 (272 112 16) (272 -128 16) (272 -128 272) (272 112 272) 
4 0 0 (464 -128 16) (464 -128 288) (464 112 288) (464 112 16) 
4 0 0 (608 -128 27.636363636363697) (608 -128 640) (608 112 640) (608 112 27.63636363636374) 
4 0 0 (704 -128 245.8181818181818) (704 -128 640) (704 112 640) (704 112 245.8181818181818) 
5 0 0 (879.1942446043729 112 640) (848.0000000000234 112 245.8181818181818) (848.0000000000118 -96.00000000019855 245.8181818181818) (849.9014855355747 -128 269.8460444948377) (879.1942446043595 -128 640) 
4 0 0 (1120 -128 269.84604449483925) (1120 -128 640) (880 -128 640) (880 -128 269.8460444948379) 
5 0 0 (880 -128 650.1818181812653) (880 -634.5263157894599 650.1818181816224) (882.2267396403449 -672 678.3197100005228) (896.9208633093838 -672 864) (896.9208633094141 -128 864) 
3 0 0 (880 -672 656) (880 -672 650.1818181816477) (880.4604316546902 -672 656) 
4 0 0 (880.4604316546488 -1416 656) (880 -1416 656) (880 -1392 656) (880.46043165465 -1392 656) 
4 0 0 (848 -1416 656) (736 -1416 656) (736 -1392 656) (848 -1392 656) 
4 0 0 (704 -672 -40) (704 -1416 -40) (704 -1416 640) (704 -672 640) 
4 0 0 (608 -144 -40) (608 -1416 -40) (608 -1416 640) (608 -144 640) 
4 0 0 (464 -272 -40) (464 -1416 -40) (464 -1416 288) (464 -272 288) 
4 0 0 (224 -272 -40) (224 -1416 -40) (224 -1416 288) (224 -272 288) 
4 0 0 (64 -272 -40) (64 -1416 -40) (64 -1416 1064) (64 -272 1064) 
4 0 0 (-64 -272 -40) (-64 -1416 -40) (-64 -1416 1064) (-64 -272 1064) 
4 0 0 (-256 -272 -40) (-256 -1416 -40) (-256 -1416 1064) (-256 -272 1064) 
